<?xml version="1.0" encoding="UTF-8"?>
<!-- Generated by org.testng.reporters.JUnitReportReporter -->
<testsuite hostname="DESKTOP-BCO7KA2" failures="0" tests="1" name="selenium.methods.DisablePushNotificatin" time="24.515" errors="0" timestamp="2023-02-04T23:45:04 IST" skipped="0">
  <testcase classname="selenium.methods.DisablePushNotificatin" name="disablePushNotification" time="24.515"/>
  <system-out/>
</testsuite> <!-- selenium.methods.DisablePushNotificatin -->
