<?xml version="1.0" encoding="UTF-8"?>
<!-- Generated by org.testng.reporters.JUnitReportReporter -->
<testsuite hostname="DESKTOP-BCO7KA2" failures="0" tests="1" name="selenium.methods.ZoominZoomout" time="62.628" errors="0" timestamp="2023-02-02T16:24:10 IST" skipped="0">
  <testcase classname="selenium.methods.ZoominZoomout" name="zoomInOut" time="62.628"/>
  <system-out/>
</testsuite> <!-- selenium.methods.ZoominZoomout -->
