<?xml version="1.0" encoding="UTF-8"?>
<!-- Generated by org.testng.reporters.JUnitReportReporter -->
<testsuite hostname="DESKTOP-BCO7KA2" failures="0" tests="1" name="selenium.methods.DownloadFileInFirefox" time="172.644" errors="0" timestamp="2023-02-02T01:41:15 IST" skipped="0">
  <testcase classname="selenium.methods.DownloadFileInFirefox" name="downloadFileInFolder" time="172.644"/>
  <system-out/>
</testsuite> <!-- selenium.methods.DownloadFileInFirefox -->
