<?xml version="1.0" encoding="UTF-8"?>
<!-- Generated by org.testng.reporters.JUnitReportReporter -->
<testsuite hostname="DESKTOP-BCO7KA2" failures="0" tests="1" name="selenium.methods.Screenshotoffullpage" time="28.937" errors="0" timestamp="2023-02-05T17:25:00 IST" skipped="0">
  <testcase classname="selenium.methods.Screenshotoffullpage" name="takesScreenshot" time="28.937"/>
  <system-out/>
</testsuite> <!-- selenium.methods.Screenshotoffullpage -->
