<?xml version="1.0" encoding="UTF-8"?>
<!-- Generated by org.testng.reporters.JUnitReportReporter -->
<testsuite hostname="DESKTOP-BCO7KA2" failures="0" tests="1" name="selenium.methods.Alerts" time="111.627" errors="0" timestamp="2023-02-02T19:30:02 IST" skipped="0">
  <testcase classname="selenium.methods.Alerts" name="handleAlert" time="111.627"/>
  <system-out/>
</testsuite> <!-- selenium.methods.Alerts -->
