<?xml version="1.0" encoding="UTF-8"?>
<!-- Generated by org.testng.reporters.JUnitReportReporter -->
<testsuite hostname="DESKTOP-BCO7KA2" failures="0" tests="1" name="selenium.methods.getText" time="23.409" errors="0" timestamp="2023-02-02T00:43:12 IST" skipped="0">
  <testcase classname="selenium.methods.getText" name="headlessBrowser" time="23.409"/>
  <system-out/>
</testsuite> <!-- selenium.methods.getText -->
