<?xml version="1.0" encoding="UTF-8"?>
<!-- Generated by org.testng.reporters.JUnitReportReporter -->
<testsuite hostname="DESKTOP-BCO7KA2" failures="0" tests="1" name="Regex.General" time="8.949" errors="0" timestamp="2023-02-06T23:03:36 IST" skipped="0">
  <testcase classname="Regex.General" name="systemProperties" time="8.949"/>
  <system-out/>
</testsuite> <!-- Regex.General -->
