<?xml version="1.0" encoding="UTF-8"?>
<!-- Generated by org.testng.reporters.JUnitReportReporter -->
<testsuite hostname="DESKTOP-BCO7KA2" failures="0" tests="1" name="selenium.methods.AutoSuggestions" time="56.873" errors="0" timestamp="2023-02-03T04:16:19 IST" skipped="0">
  <testcase classname="selenium.methods.AutoSuggestions" name="autoSuggestions" time="56.873"/>
  <system-out/>
</testsuite> <!-- selenium.methods.AutoSuggestions -->
