<?xml version="1.0" encoding="UTF-8"?>
<!-- Generated by org.testng.reporters.JUnitReportReporter -->
<testsuite hostname="DESKTOP-BCO7KA2" failures="0" tests="1" name="selenium.methods.ScrollWindow" time="20.037" errors="0" timestamp="2023-02-02T15:06:25 IST" skipped="0">
  <testcase classname="selenium.methods.ScrollWindow" name="scrolltheWindow" time="20.037"/>
  <system-out/>
</testsuite> <!-- selenium.methods.ScrollWindow -->
