<?xml version="1.0" encoding="UTF-8"?>
<!-- Generated by org.testng.reporters.JUnitReportReporter -->
<testsuite hostname="DESKTOP-BCO7KA2" failures="0" tests="1" name="selenium.methods.DisablePushNotificatin" time="70.581" errors="0" timestamp="2023-02-05T17:25:00 IST" skipped="0">
  <testcase classname="selenium.methods.DisablePushNotificatin" name="disablePushNotification" time="70.581"/>
  <system-out/>
</testsuite> <!-- selenium.methods.DisablePushNotificatin -->
