<?xml version="1.0" encoding="UTF-8"?>
<!-- Generated by org.testng.reporters.JUnitReportReporter -->
<testsuite hostname="DESKTOP-BCO7KA2" failures="0" tests="1" name="Regex.SpiltMethod" time="0.040" errors="0" timestamp="2023-02-07T14:57:25 IST" skipped="0">
  <testcase classname="Regex.SpiltMethod" name="spiltmethod" time="0.040"/>
  <system-out/>
</testsuite> <!-- Regex.SpiltMethod -->
