<?xml version="1.0" encoding="UTF-8"?>
<!-- Generated by org.testng.reporters.JUnitReportReporter -->
<testsuite hostname="DESKTOP-BCO7KA2" failures="0" tests="1" name="selenium.methods.getText" time="14.848" errors="0" timestamp="2023-02-04T23:45:04 IST" skipped="0">
  <testcase classname="selenium.methods.getText" name="gettext" time="14.848"/>
  <system-out/>
</testsuite> <!-- selenium.methods.getText -->
