<?xml version="1.0" encoding="UTF-8"?>
<!-- Generated by org.testng.reporters.JUnitReportReporter -->
<testsuite hostname="DESKTOP-BCO7KA2" failures="0" tests="1" name="selenium.methods.Authpopup" time="29.218" errors="0" timestamp="2023-02-07T23:50:24 IST" skipped="0">
  <testcase classname="selenium.methods.Authpopup" name="preauthpopup" time="29.218"/>
  <system-out/>
</testsuite> <!-- selenium.methods.Authpopup -->
