<?xml version="1.0" encoding="UTF-8"?>
<!-- Generated by org.testng.reporters.JUnitReportReporter -->
<testsuite hostname="DESKTOP-BCO7KA2" failures="0" tests="1" name="selenium.methods.screenshotusingRobotClass" time="45.725" errors="0" timestamp="2023-02-05T17:24:59 IST" skipped="0">
  <testcase classname="selenium.methods.screenshotusingRobotClass" name="screenShotusingrobot" time="45.725"/>
  <system-out/>
</testsuite> <!-- selenium.methods.screenshotusingRobotClass -->
