<?xml version="1.0" encoding="UTF-8"?>
<!-- Generated by org.testng.reporters.JUnitReportReporter -->
<testsuite hostname="DESKTOP-BCO7KA2" failures="0" tests="1" name="selenium.methods.ScrollWindow" time="46.760" errors="0" timestamp="2023-02-05T17:24:59 IST" skipped="0">
  <testcase classname="selenium.methods.ScrollWindow" name="scrolltheWindow" time="46.760"/>
  <system-out/>
</testsuite> <!-- selenium.methods.ScrollWindow -->
