<?xml version="1.0" encoding="UTF-8"?>
<!-- Generated by org.testng.reporters.JUnitReportReporter -->
<testsuite hostname="DESKTOP-BCO7KA2" failures="0" tests="1" name="Regex.OpenBrowser" time="10.566" errors="0" timestamp="2023-02-06T21:57:43 IST" skipped="0">
  <testcase classname="Regex.OpenBrowser" name="openBrowser" time="10.566"/>
  <system-out/>
</testsuite> <!-- Regex.OpenBrowser -->
