<?xml version="1.0" encoding="UTF-8"?>
<!-- Generated by org.testng.reporters.JUnitReportReporter -->
<testsuite hostname="DESKTOP-BCO7KA2" failures="0" tests="1" name="selenium.methods.ScreenRecorder" time="98.928" errors="0" timestamp="2023-02-05T18:07:54 IST" skipped="0">
  <testcase classname="selenium.methods.ScreenRecorder" name="screenRecorder" time="98.928"/>
  <system-out/>
</testsuite> <!-- selenium.methods.ScreenRecorder -->
